INFO 2025-05-30 10:54:47,240 autoreload 2628 8396 Watching for file changes with StatReloader
INFO 2025-05-30 10:55:09,532 basehttp 2628 2176 "GET / HTTP/1.1" 302 0
INFO 2025-05-30 10:55:09,786 basehttp 2628 2176 "GET /swagger/ HTTP/1.1" 200 2250
INFO 2025-05-30 10:55:15,200 basehttp 2628 2176 "GET /swagger/?format=openapi HTTP/1.1" 200 36646
WARNING 2025-05-30 10:55:17,483 log 2628 2176 Not Found: /serviceworker.js
WARNING 2025-05-30 10:55:17,486 basehttp 2628 2176 "GET /serviceworker.js HTTP/1.1" 404 4939
INFO 2025-05-30 10:55:46,755 basehttp 2628 2176 "GET /api/categories/ HTTP/1.1" 200 1453
INFO 2025-05-30 10:56:14,436 basehttp 2628 2176 "GET /admin/ HTTP/1.1" 302 0
INFO 2025-05-30 10:56:14,674 basehttp 2628 2176 "GET /admin/login/?next=/admin/ HTTP/1.1" 200 4200
INFO 2025-05-30 10:56:14,925 basehttp 2628 2176 "GET /static/admin/css/base.css HTTP/1.1" 200 22120
INFO 2025-05-30 10:56:14,926 basehttp 2628 11676 "GET /static/admin/css/dark_mode.css HTTP/1.1" 200 2808
INFO 2025-05-30 10:56:14,926 basehttp 2628 12636 "GET /static/admin/js/theme.js HTTP/1.1" 200 1653
WARNING 2025-05-30 10:56:15,000 log 2628 2176 Not Found: /admn
WARNING 2025-05-30 10:56:15,002 basehttp 2628 2176 "GET /admn HTTP/1.1" 404 4903
WARNING 2025-05-30 10:56:18,063 log 2628 2176 Not Found: /favicon.ico
WARNING 2025-05-30 10:56:18,064 basehttp 2628 2176 "GET /favicon.ico HTTP/1.1" 404 4924
WARNING 2025-05-30 10:56:19,694 log 2628 2176 Not Found: /serviceworker.js
WARNING 2025-05-30 10:56:20,371 basehttp 2628 2176 "GET /serviceworker.js HTTP/1.1" 404 4939
INFO 2025-05-30 10:56:25,421 basehttp 2628 2176 "GET /admin HTTP/1.1" 301 0
INFO 2025-05-30 10:56:25,436 basehttp 2628 12636 "GET /admin/ HTTP/1.1" 302 0
INFO 2025-05-30 10:56:25,455 basehttp 2628 12636 "GET /admin/login/?next=/admin/ HTTP/1.1" 200 4200
INFO 2025-05-30 10:56:26,215 basehttp 2628 12636 "GET /static/admin/css/nav_sidebar.css HTTP/1.1" 200 2810
INFO 2025-05-30 10:56:26,215 basehttp 2628 11676 "GET /static/admin/css/login.css HTTP/1.1" 200 951
INFO 2025-05-30 10:56:26,232 basehttp 2628 7304 "GET /static/admin/css/responsive.css HTTP/1.1" 200 16565
INFO 2025-05-30 10:56:26,279 basehttp 2628 13296 "GET /static/admin/js/nav_sidebar.js HTTP/1.1" 200 3063
WARNING 2025-05-30 10:56:28,101 log 2628 13296 Not Found: /serviceworker.js
WARNING 2025-05-30 10:56:28,103 basehttp 2628 13296 "GET /serviceworker.js HTTP/1.1" 404 4939
INFO 2025-05-30 10:56:46,711 basehttp 2628 13296 "POST /admin/login/?next=/admin/ HTTP/1.1" 302 0
INFO 2025-05-30 10:56:48,684 basehttp 2628 13296 "GET /admin/ HTTP/1.1" 200 13126
INFO 2025-05-30 10:56:48,734 basehttp 2628 13296 "GET /static/admin/css/dashboard.css HTTP/1.1" 200 441
INFO 2025-05-30 10:56:49,558 basehttp 2628 7304 "GET /static/admin/img/icon-changelink.svg HTTP/1.1" 200 380
INFO 2025-05-30 10:56:49,562 basehttp 2628 13296 "GET /static/admin/img/icon-addlink.svg HTTP/1.1" 200 331
WARNING 2025-05-30 10:56:53,085 log 2628 13296 Not Found: /serviceworker.js
WARNING 2025-05-30 10:56:53,086 basehttp 2628 13296 "GET /serviceworker.js HTTP/1.1" 404 4939
WARNING 2025-05-30 10:57:32,151 log 2628 13296 Not Found: /serviceworker.js
WARNING 2025-05-30 10:57:32,152 basehttp 2628 13296 "GET /serviceworker.js HTTP/1.1" 404 4939
ERROR 2025-05-30 10:59:44,267 exception 13280 12572 Invalid HTTP_HOST header: 'testserver'. You may need to add 'testserver' to ALLOWED_HOSTS.
Traceback (most recent call last):
  File "C:\Users\monyancha\Desktop\cynthia-store\venv\Lib\site-packages\django\core\handlers\exception.py", line 55, in inner
    response = get_response(request)
  File "C:\Users\monyancha\Desktop\cynthia-store\venv\Lib\site-packages\django\utils\deprecation.py", line 119, in __call__
    response = self.process_request(request)
  File "C:\Users\monyancha\Desktop\cynthia-store\venv\Lib\site-packages\django\middleware\common.py", line 48, in process_request
    host = request.get_host()
  File "C:\Users\monyancha\Desktop\cynthia-store\venv\Lib\site-packages\django\http\request.py", line 186, in get_host
    raise DisallowedHost(msg)
django.core.exceptions.DisallowedHost: Invalid HTTP_HOST header: 'testserver'. You may need to add 'testserver' to ALLOWED_HOSTS.
WARNING 2025-05-30 10:59:44,488 log 13280 12572 Bad Request: /api/categories/
INFO 2025-05-30 11:10:51,379 autoreload 2628 8396 C:\Users\monyancha\Desktop\cynthia-store\config\settings.py changed, reloading.
INFO 2025-05-30 11:10:56,944 autoreload 13128 8736 Watching for file changes with StatReloader
INFO 2025-05-30 11:13:09,766 autoreload 13128 8736 C:\Users\monyancha\Desktop\cynthia-store\config\settings.py changed, reloading.
INFO 2025-05-30 11:13:15,815 autoreload 1440 12772 Watching for file changes with StatReloader
INFO 2025-05-30 11:14:22,421 autoreload 1440 12772 C:\Users\monyancha\Desktop\cynthia-store\config\settings.py changed, reloading.
INFO 2025-05-30 11:14:26,689 autoreload 12720 11740 Watching for file changes with StatReloader
INFO 2025-05-30 11:16:14,814 autoreload 12720 11740 C:\Users\monyancha\Desktop\cynthia-store\config\settings.py changed, reloading.
INFO 2025-05-30 11:16:21,322 autoreload 12772 9156 Watching for file changes with StatReloader
INFO 2025-05-30 11:18:35,938 autoreload 12772 9156 C:\Users\monyancha\Desktop\cynthia-store\config\settings.py changed, reloading.
INFO 2025-05-30 11:18:41,679 autoreload 11384 8964 Watching for file changes with StatReloader
INFO 2025-05-30 11:26:25,061 autoreload 11384 8964 C:\Users\monyancha\Desktop\cynthia-store\config\settings.py changed, reloading.
INFO 2025-05-30 11:26:32,392 autoreload 12356 8048 Watching for file changes with StatReloader
INFO 2025-05-30 11:42:24,191 autoreload 12356 8048 C:\Users\monyancha\Desktop\cynthia-store\config\settings.py changed, reloading.
INFO 2025-05-30 11:42:33,152 autoreload 2588 12456 Watching for file changes with StatReloader
INFO 2025-05-30 11:43:58,109 autoreload 2588 12456 C:\Users\monyancha\Desktop\cynthia-store\config\settings.py changed, reloading.
INFO 2025-05-30 11:44:04,745 autoreload 7460 8252 Watching for file changes with StatReloader
INFO 2025-05-30 12:37:28,511 basehttp 7460 6260 "GET / HTTP/1.1" 302 0
INFO 2025-05-30 12:37:29,350 basehttp 7460 6260 "GET /swagger/ HTTP/1.1" 200 2250
INFO 2025-05-30 12:37:34,650 basehttp 7460 6260 "GET /swagger/?format=openapi HTTP/1.1" 200 36646
WARNING 2025-05-30 12:37:36,796 log 7460 6260 Not Found: /serviceworker.js
WARNING 2025-05-30 12:37:36,797 basehttp 7460 6260 "GET /serviceworker.js HTTP/1.1" 404 4939
WARNING 2025-05-30 12:38:14,660 log 7460 6260 Not Found: /serviceworker.js
WARNING 2025-05-30 12:38:14,665 basehttp 7460 6260 "GET /serviceworker.js HTTP/1.1" 404 4939
INFO 2025-05-30 12:38:19,715 basehttp 7460 6260 "GET /admin/ HTTP/1.1" 302 0
INFO 2025-05-30 12:38:19,953 basehttp 7460 6260 "GET /admin/login/?next=/admin/ HTTP/1.1" 200 4200
INFO 2025-05-30 12:38:20,126 basehttp 7460 6260 "GET /static/admin/css/base.css HTTP/1.1" 304 0
INFO 2025-05-30 12:38:20,200 basehttp 7460 10780 "GET /static/admin/css/dark_mode.css HTTP/1.1" 304 0
INFO 2025-05-30 12:38:20,276 basehttp 7460 12180 "GET /static/admin/css/login.css HTTP/1.1" 304 0
INFO 2025-05-30 12:38:20,289 basehttp 7460 4052 "GET /static/admin/css/nav_sidebar.css HTTP/1.1" 304 0
INFO 2025-05-30 12:38:20,327 basehttp 7460 12980 "GET /static/admin/css/responsive.css HTTP/1.1" 304 0
INFO 2025-05-30 12:38:20,354 basehttp 7460 12780 "GET /static/admin/js/theme.js HTTP/1.1" 304 0
INFO 2025-05-30 12:38:22,275 basehttp 7460 12780 "GET /static/admin/js/nav_sidebar.js HTTP/1.1" 304 0
WARNING 2025-05-30 12:38:25,159 log 7460 12780 Not Found: /serviceworker.js
WARNING 2025-05-30 12:38:25,165 basehttp 7460 12780 "GET /serviceworker.js HTTP/1.1" 404 4939
INFO 2025-05-30 12:38:34,171 basehttp 7460 12780 "POST /admin/login/?next=/admin/ HTTP/1.1" 302 0
INFO 2025-05-30 12:38:36,195 basehttp 7460 12780 "GET /admin/ HTTP/1.1" 200 13126
INFO 2025-05-30 12:38:36,413 basehttp 7460 12780 "GET /static/admin/css/dashboard.css HTTP/1.1" 304 0
INFO 2025-05-30 12:38:38,553 basehttp 7460 12980 "GET /static/admin/img/icon-changelink.svg HTTP/1.1" 304 0
INFO 2025-05-30 12:38:38,554 basehttp 7460 12780 "GET /static/admin/img/icon-addlink.svg HTTP/1.1" 304 0
WARNING 2025-05-30 12:38:42,202 log 7460 12980 Not Found: /serviceworker.js
WARNING 2025-05-30 12:38:42,223 basehttp 7460 12980 "GET /serviceworker.js HTTP/1.1" 404 4939
INFO 2025-05-30 12:39:05,812 basehttp 7460 12980 "GET /admin/products/product/ HTTP/1.1" 200 19937
INFO 2025-05-30 12:39:07,782 basehttp 7460 4052 "GET /admin/jsi18n/ HTTP/1.1" 200 3342
INFO 2025-05-30 12:39:08,076 basehttp 7460 10780 "GET /static/admin/js/jquery.init.js HTTP/1.1" 200 347
INFO 2025-05-30 12:39:08,091 basehttp 7460 6260 "GET /static/admin/js/core.js HTTP/1.1" 200 6208
INFO 2025-05-30 12:39:08,092 basehttp 7460 12980 "GET /static/admin/css/changelists.css HTTP/1.1" 200 6878
INFO 2025-05-30 12:39:08,092 basehttp 7460 12780 "GET /static/admin/js/vendor/xregexp/xregexp.js HTTP/1.1" 200 325171
INFO 2025-05-30 12:39:08,109 basehttp 7460 10780 "GET /static/admin/js/actions.js HTTP/1.1" 200 8076
INFO 2025-05-30 12:39:08,115 basehttp 7460 12180 "GET /static/admin/js/vendor/jquery/jquery.js HTTP/1.1" 200 285314
INFO 2025-05-30 12:39:08,121 basehttp 7460 6260 "GET /static/admin/js/urlify.js HTTP/1.1" 200 7887
INFO 2025-05-30 12:39:08,127 basehttp 7460 12980 "GET /static/admin/js/prepopulate.js HTTP/1.1" 200 1531
INFO 2025-05-30 12:39:08,150 basehttp 7460 10780 "GET /static/admin/img/search.svg HTTP/1.1" 200 458
INFO 2025-05-30 12:39:08,168 basehttp 7460 12980 "GET /static/admin/img/icon-yes.svg HTTP/1.1" 200 436
INFO 2025-05-30 12:39:08,195 basehttp 7460 12980 "GET /static/admin/js/filters.js HTTP/1.1" 200 978
INFO 2025-05-30 12:39:08,211 basehttp 7460 4052 "GET /static/admin/js/admin/RelatedObjectLookups.js HTTP/1.1" 200 9777
INFO 2025-05-30 12:39:08,315 basehttp 7460 4052 "GET /static/admin/img/tooltag-add.svg HTTP/1.1" 200 331
INFO 2025-05-30 12:39:08,317 basehttp 7460 12980 "GET /static/admin/img/icon-viewlink.svg HTTP/1.1" 200 581
WARNING 2025-05-30 12:39:12,325 log 7460 12980 Not Found: /serviceworker.js
WARNING 2025-05-30 12:39:12,331 basehttp 7460 12980 "GET /serviceworker.js HTTP/1.1" 404 4939
WARNING 2025-05-30 12:39:56,892 log 7460 12980 Not Found: /serviceworker.js
WARNING 2025-05-30 12:39:56,893 basehttp 7460 12980 "GET /serviceworker.js HTTP/1.1" 404 4939
INFO 2025-07-25 13:31:27,552 autoreload 23577 138245392081152 Watching for file changes with StatReloader
INFO 2025-07-25 13:31:36,772 basehttp 23577 138245279053504 "GET / HTTP/1.1" 302 0
INFO 2025-07-25 13:31:36,860 basehttp 23577 138245279053504 "GET /swagger/ HTTP/1.1" 200 2250
INFO 2025-07-25 13:31:36,975 basehttp 23577 138245279053504 "GET /static/drf-yasg/style.css HTTP/1.1" 200 1047
INFO 2025-07-25 13:31:36,991 basehttp 23577 138245279053504 "GET /static/drf-yasg/swagger-ui-init.js HTTP/1.1" 200 15480
INFO 2025-07-25 13:31:36,992 basehttp 23577 138245174183616 "GET /static/drf-yasg/insQ.min.js HTTP/1.1" 200 2093
INFO 2025-07-25 13:31:36,997 basehttp 23577 138245165790912 "GET /static/drf-yasg/immutable.min.js HTTP/1.1" 200 56904
INFO 2025-07-25 13:31:37,000 basehttp 23577 138245199361728 "GET /static/drf-yasg/swagger-ui-dist/swagger-ui.css HTTP/1.1" 200 145206
INFO 2025-07-25 13:31:37,004 basehttp 23577 138245182576320 "GET /static/drf-yasg/swagger-ui-dist/swagger-ui-standalone-preset.js HTTP/1.1" 200 322863
INFO 2025-07-25 13:31:37,007 basehttp 23577 138245190969024 "GET /static/drf-yasg/swagger-ui-dist/swagger-ui-bundle.js HTTP/1.1" 200 1046583
INFO 2025-07-25 13:31:38,431 basehttp 23577 138245279053504 "GET /static/drf-yasg/swagger-ui-dist/favicon-32x32.png HTTP/1.1" 200 628
INFO 2025-07-25 13:31:38,637 basehttp 23577 138245279053504 "GET /swagger/?format=openapi HTTP/1.1" 200 36646
WARNING 2025-07-25 13:31:42,651 log 23577 138245279053504 Not Found: /accounts/login/
WARNING 2025-07-25 13:31:42,652 basehttp 23577 138245279053504 "GET /accounts/login/?next=/swagger/ HTTP/1.1" 404 4951
WARNING 2025-07-25 13:31:43,141 log 23577 138245279053504 Not Found: /favicon.ico
WARNING 2025-07-25 13:31:43,142 basehttp 23577 138245279053504 "GET /favicon.ico HTTP/1.1" 404 4924
INFO 2025-07-25 13:31:53,076 basehttp 23577 138245279053504 "GET /admin HTTP/1.1" 301 0
INFO 2025-07-25 13:31:53,097 basehttp 23577 138245190969024 "GET /admin/ HTTP/1.1" 302 0
INFO 2025-07-25 13:31:53,131 basehttp 23577 138245190969024 "GET /admin/login/?next=/admin/ HTTP/1.1" 200 4200
INFO 2025-07-25 13:31:53,213 basehttp 23577 138245190969024 "GET /static/admin/css/base.css HTTP/1.1" 200 22120
INFO 2025-07-25 13:31:53,225 basehttp 23577 138245199361728 "GET /static/admin/js/theme.js HTTP/1.1" 200 1653
INFO 2025-07-25 13:31:53,227 basehttp 23577 138245165790912 "GET /static/admin/css/nav_sidebar.css HTTP/1.1" 200 2810
INFO 2025-07-25 13:31:53,227 basehttp 23577 138245174183616 "GET /static/admin/css/login.css HTTP/1.1" 200 951
INFO 2025-07-25 13:31:53,228 basehttp 23577 138245182576320 "GET /static/admin/css/dark_mode.css HTTP/1.1" 200 2808
INFO 2025-07-25 13:31:53,230 basehttp 23577 138245279053504 "GET /static/admin/css/responsive.css HTTP/1.1" 200 16565
INFO 2025-07-25 13:31:53,248 basehttp 23577 138245157398208 "GET /static/admin/js/theme.js HTTP/1.1" 200 1653
INFO 2025-07-25 13:31:53,567 basehttp 23577 138245190969024 "GET /static/admin/js/nav_sidebar.js HTTP/1.1" 200 3063
INFO 2025-07-25 13:31:53,575 basehttp 23577 138245157398208 "GET /static/admin/js/nav_sidebar.js HTTP/1.1" 200 3063
INFO 2025-07-25 13:32:03,421 basehttp 23577 138245190969024 "POST /admin/login/?next=/admin/ HTTP/1.1" 200 4369
INFO 2025-07-25 13:32:21,118 basehttp 23577 138245190969024 "POST /admin/login/?next=/admin/ HTTP/1.1" 302 0
INFO 2025-07-25 13:32:24,551 basehttp 23577 138245190969024 "GET /admin/ HTTP/1.1" 200 13126
INFO 2025-07-25 13:32:24,625 basehttp 23577 138245190969024 "GET /static/admin/css/dashboard.css HTTP/1.1" 200 441
INFO 2025-07-25 13:32:25,018 basehttp 23577 138245190969024 "GET /static/admin/img/icon-addlink.svg HTTP/1.1" 200 331
INFO 2025-07-25 13:32:25,018 basehttp 23577 138245279053504 "GET /static/admin/img/icon-changelink.svg HTTP/1.1" 200 380
INFO 2025-07-25 13:32:52,722 basehttp 23577 138245279053504 "GET /admin/products/product/ HTTP/1.1" 200 20764
INFO 2025-07-25 13:32:52,758 basehttp 23577 138245279053504 "GET /static/admin/css/base.css HTTP/1.1" 304 0
INFO 2025-07-25 13:32:52,771 basehttp 23577 138245190969024 "GET /static/admin/css/changelists.css HTTP/1.1" 200 6878
INFO 2025-07-25 13:32:52,782 basehttp 23577 138245190969024 "GET /static/admin/css/nav_sidebar.css HTTP/1.1" 304 0
INFO 2025-07-25 13:32:52,783 basehttp 23577 138245165790912 "GET /static/admin/css/dark_mode.css HTTP/1.1" 304 0
INFO 2025-07-25 13:32:52,785 basehttp 23577 138245199361728 "GET /static/admin/js/jquery.init.js HTTP/1.1" 200 347
INFO 2025-07-25 13:32:52,787 basehttp 23577 138245174183616 "GET /static/admin/js/vendor/jquery/jquery.js HTTP/1.1" 200 285314
INFO 2025-07-25 13:32:52,794 basehttp 23577 138245199361728 "GET /static/admin/js/core.js HTTP/1.1" 200 6208
INFO 2025-07-25 13:32:52,794 basehttp 23577 138245165790912 "GET /static/admin/css/responsive.css HTTP/1.1" 304 0
INFO 2025-07-25 13:32:52,796 basehttp 23577 138245174183616 "GET /static/admin/js/admin/RelatedObjectLookups.js HTTP/1.1" 200 9777
INFO 2025-07-25 13:32:52,802 basehttp 23577 138245157398208 "GET /static/admin/js/jquery.init.js HTTP/1.1" 200 347
INFO 2025-07-25 13:32:52,808 basehttp 23577 138245279053504 "GET /static/admin/js/actions.js HTTP/1.1" 200 8076
INFO 2025-07-25 13:32:52,810 basehttp 23577 138245149005504 "GET /static/admin/js/vendor/jquery/jquery.js HTTP/1.1" 200 285314
INFO 2025-07-25 13:32:52,826 basehttp 23577 138245190969024 "GET /static/admin/js/urlify.js HTTP/1.1" 200 7887
INFO 2025-07-25 13:32:52,841 basehttp 23577 138245174183616 "GET /static/admin/js/theme.js HTTP/1.1" 304 0
INFO 2025-07-25 13:32:52,842 basehttp 23577 138245165790912 "GET /static/admin/js/prepopulate.js HTTP/1.1" 200 1531
INFO 2025-07-25 13:32:52,844 basehttp 23577 138245199361728 "GET /static/admin/js/vendor/xregexp/xregexp.js HTTP/1.1" 200 325171
INFO 2025-07-25 13:32:52,860 basehttp 23577 138245279053504 "GET /static/admin/img/icon-yes.svg HTTP/1.1" 200 436
INFO 2025-07-25 13:32:52,861 basehttp 23577 138245199361728 "GET /static/admin/img/search.svg HTTP/1.1" 200 458
INFO 2025-07-25 13:32:53,129 basehttp 23577 138245157398208 "GET /static/admin/js/admin/RelatedObjectLookups.js HTTP/1.1" 200 9777
INFO 2025-07-25 13:32:53,134 basehttp 23577 138244586989248 "GET /static/admin/js/actions.js HTTP/1.1" 200 8076
INFO 2025-07-25 13:32:53,134 basehttp 23577 138245157398208 "GET /static/admin/js/theme.js HTTP/1.1" 304 0
INFO 2025-07-25 13:32:53,135 basehttp 23577 138245149005504 "GET /static/admin/js/core.js HTTP/1.1" 200 6208
INFO 2025-07-25 13:32:53,138 basehttp 23577 138244578596544 "GET /static/admin/js/urlify.js HTTP/1.1" 200 7887
INFO 2025-07-25 13:32:53,139 basehttp 23577 138244570203840 "GET /static/admin/js/prepopulate.js HTTP/1.1" 200 1531
INFO 2025-07-25 13:32:53,140 basehttp 23577 138244595381952 "GET /static/admin/js/vendor/xregexp/xregexp.js HTTP/1.1" 200 325171
INFO 2025-07-25 13:32:53,205 basehttp 23577 138245279053504 "GET /static/admin/js/nav_sidebar.js HTTP/1.1" 304 0
INFO 2025-07-25 13:32:53,214 basehttp 23577 138245279053504 "GET /static/admin/js/filters.js HTTP/1.1" 200 978
INFO 2025-07-25 13:32:53,692 basehttp 23577 138244595381952 "GET /static/admin/js/nav_sidebar.js HTTP/1.1" 304 0
INFO 2025-07-25 13:32:53,692 basehttp 23577 138245157398208 "GET /static/admin/js/filters.js HTTP/1.1" 200 978
INFO 2025-07-25 13:32:55,432 basehttp 23577 138245182576320 "GET /admin/jsi18n/ HTTP/1.1" 200 3342
INFO 2025-07-25 13:32:55,474 basehttp 23577 138245182576320 "GET /static/admin/img/tooltag-add.svg HTTP/1.1" 200 331
INFO 2025-07-25 13:32:55,478 basehttp 23577 138245279053504 "GET /static/admin/img/icon-viewlink.svg HTTP/1.1" 200 581
INFO 2025-07-25 13:32:57,788 basehttp 23577 138245157398208 "GET /admin/jsi18n/ HTTP/1.1" 200 3342
INFO 2025-07-25 13:33:07,981 basehttp 23577 138245279053504 "GET /admin/products/product/21fe7694-44bb-4e50-9e5c-7c7e21519ac0/change/ HTTP/1.1" 200 42774
INFO 2025-07-25 13:33:08,013 basehttp 23577 138245279053504 "GET /static/admin/css/forms.css HTTP/1.1" 200 8525
INFO 2025-07-25 13:33:08,021 basehttp 23577 138245174183616 "GET /static/admin/js/prepopulate_init.js HTTP/1.1" 200 586
INFO 2025-07-25 13:33:08,023 basehttp 23577 138245199361728 "GET /static/admin/js/calendar.js HTTP/1.1" 200 9141
INFO 2025-07-25 13:33:08,024 basehttp 23577 138245165790912 "GET /static/admin/js/admin/DateTimeShortcuts.js HTTP/1.1" 200 19319
INFO 2025-07-25 13:33:08,046 basehttp 23577 138244595381952 "GET /static/admin/js/calendar.js HTTP/1.1" 200 9141
INFO 2025-07-25 13:33:08,046 basehttp 23577 138245157398208 "GET /static/admin/js/prepopulate_init.js HTTP/1.1" 200 586
INFO 2025-07-25 13:33:08,048 basehttp 23577 138244570203840 "GET /static/admin/js/admin/DateTimeShortcuts.js HTTP/1.1" 200 19319
INFO 2025-07-25 13:33:08,549 basehttp 23577 138245279053504 "GET /static/admin/css/widgets.css HTTP/1.1" 200 11991
INFO 2025-07-25 13:33:08,606 basehttp 23577 138245279053504 "GET /static/admin/img/icon-deletelink.svg HTTP/1.1" 200 392
INFO 2025-07-25 13:33:08,614 basehttp 23577 138245279053504 "GET /static/admin/js/change_form.js HTTP/1.1" 200 606
INFO 2025-07-25 13:33:08,663 basehttp 23577 138244570203840 "GET /static/admin/js/change_form.js HTTP/1.1" 200 606
INFO 2025-07-25 13:33:10,421 basehttp 23577 138245182576320 "GET /admin/jsi18n/ HTTP/1.1" 200 3342
INFO 2025-07-25 13:33:10,546 basehttp 23577 138245182576320 "GET /static/admin/img/icon-calendar.svg HTTP/1.1" 200 1086
INFO 2025-07-25 13:33:10,546 basehttp 23577 138245279053504 "GET /static/admin/img/icon-clock.svg HTTP/1.1" 200 677
INFO 2025-07-25 13:33:12,364 basehttp 23577 138244570203840 "GET /admin/jsi18n/ HTTP/1.1" 200 3342
INFO 2025-07-25 13:52:24,307 autoreload 23577 138245392081152 /home/monyancha/Desktop/savannah-backend-assessment-main./savannah-backend-assessment-main/config/settings.py changed, reloading.
INFO 2025-07-25 13:52:25,611 autoreload 26496 125667031408896 Watching for file changes with StatReloader
INFO 2025-07-25 13:52:40,573 autoreload 26496 125667031408896 /home/monyancha/Desktop/savannah-backend-assessment-main./savannah-backend-assessment-main/config/settings.py changed, reloading.
INFO 2025-07-25 13:52:41,445 autoreload 26499 136672760434944 Watching for file changes with StatReloader
INFO 2025-07-25 13:52:58,121 autoreload 26499 136672760434944 /home/monyancha/Desktop/savannah-backend-assessment-main./savannah-backend-assessment-main/config/settings.py changed, reloading.
INFO 2025-07-25 14:05:32,394 autoreload 27699 131556674863360 Watching for file changes with StatReloader
INFO 2025-07-25 14:05:55,359 basehttp 27699 131556567938752 "GET /swagger/?id=33b4318b-021a-407a-ba7f-01802ef7d8cc&vscodeBrowserReqId=1753441555276 HTTP/1.1" 200 2250
WARNING 2025-07-25 14:06:08,591 log 27699 131556559546048 Not Found: /api/health/
WARNING 2025-07-25 14:06:08,591 basehttp 27699 131556559546048 "GET /api/health/ HTTP/1.1" 404 5317
WARNING 2025-07-25 14:06:19,212 log 27699 131556551153344 Not Found: /api/health/
WARNING 2025-07-25 14:06:19,213 basehttp 27699 131556551153344 "GET /api/health/ HTTP/1.1" 404 5317
INFO 2025-07-25 14:06:29,926 basehttp 27699 131556542760640 "GET /health/ HTTP/1.1" 200 80
INFO 2025-07-25 14:06:40,665 basehttp 27699 131556324669120 "GET /api/categories/ HTTP/1.1" 200 3563
INFO 2025-07-25 14:06:52,706 basehttp 27699 131556316276416 "GET /api/products/?limit=3 HTTP/1.1" 200 3483
INFO 2025-07-25 14:11:34,637 autoreload 27699 131556674863360 /home/monyancha/Desktop/savannah-backend-assessment-main./savannah-backend-assessment-main/config/urls.py changed, reloading.
INFO 2025-07-25 14:11:35,041 autoreload 28411 131409050005760 Watching for file changes with StatReloader
INFO 2025-07-25 14:12:18,418 autoreload 28411 131409050005760 /home/monyancha/Desktop/savannah-backend-assessment-main./savannah-backend-assessment-main/config/urls.py changed, reloading.
INFO 2025-07-25 14:12:19,044 autoreload 28537 125603382456576 Watching for file changes with StatReloader
INFO 2025-07-25 14:13:26,817 autoreload 28537 125603382456576 /home/monyancha/Desktop/savannah-backend-assessment-main./savannah-backend-assessment-main/config/settings.py changed, reloading.
INFO 2025-07-25 14:13:27,380 autoreload 28675 131779797414144 Watching for file changes with StatReloader
INFO 2025-07-25 14:13:49,296 autoreload 28675 131779797414144 /home/monyancha/Desktop/savannah-backend-assessment-main./savannah-backend-assessment-main/config/urls.py changed, reloading.
INFO 2025-07-25 14:13:49,860 autoreload 28736 139149539684608 Watching for file changes with StatReloader
INFO 2025-07-25 14:15:21,320 autoreload 28736 139149539684608 /home/monyancha/Desktop/savannah-backend-assessment-main./savannah-backend-assessment-main/config/urls.py changed, reloading.
INFO 2025-07-25 14:15:22,000 autoreload 28960 135135734522112 Watching for file changes with StatReloader
INFO 2025-07-25 14:15:38,746 autoreload 28960 135135734522112 /home/monyancha/Desktop/savannah-backend-assessment-main./savannah-backend-assessment-main/config/settings.py changed, reloading.
INFO 2025-07-25 14:15:39,199 autoreload 29011 132349334728960 Watching for file changes with StatReloader
INFO 2025-07-25 14:16:43,324 basehttp 29011 132349227431616 "HEAD /accounts/login/ HTTP/1.1" 200 0
WARNING 2025-07-25 14:17:00,572 log 29011 132349227431616 Not Found: /nonexistent-page/
WARNING 2025-07-25 14:17:00,573 basehttp 29011 132349227431616 "HEAD /nonexistent-page/ HTTP/1.1" 404 0
WARNING 2025-07-25 14:17:09,015 log 29011 132349148788416 Not Found: /api/nonexistent/
WARNING 2025-07-25 14:17:09,016 basehttp 29011 132349148788416 "GET /api/nonexistent/ HTTP/1.1" 404 5830
WARNING 2025-07-25 14:17:18,799 log 29011 132349140395712 Not Found: /api/nonexistent/
WARNING 2025-07-25 14:17:18,800 basehttp 29011 132349140395712 "GET /api/nonexistent/ HTTP/1.1" 404 5830
INFO 2025-07-25 14:17:31,698 basehttp 29011 132349132003008 "GET /accounts/login/?next=%2Fswagger%2F&id=33b4318b-021a-407a-ba7f-01802ef7d8cc&vscodeBrowserReqId=1753442251686 HTTP/1.1" 200 4612
INFO 2025-07-25 14:17:39,803 basehttp 29011 132349132003008 "GET /swagger/?id=33b4318b-021a-407a-ba7f-01802ef7d8cc&vscodeBrowserReqId=1753442259771 HTTP/1.1" 200 2250
INFO 2025-07-25 14:17:49,782 basehttp 29011 132349140395712 "OPTIONS /api/categories/ HTTP/1.1" 200 0
INFO 2025-07-25 14:18:04,049 basehttp 29011 132349148788416 "OPTIONS /api/categories/ HTTP/1.1" 200 0
INFO 2025-07-25 14:21:35,135 autoreload 29625 139573449322752 Watching for file changes with StatReloader
INFO 2025-07-25 14:21:53,293 basehttp 29011 132349115217600 code 400, message Bad HTTP/0.9 request type ('\x16\x03\x01\x07\x00\x01\x00\x06ü\x03\x03á\x91¥4¯á¼\x02ãi=Ï\x88«\x93ùbcÎ¿RðÛQ\\©¦V£O@e')
ERROR 2025-07-25 14:21:53,295 basehttp 29011 132349115217600 You're accessing the development server over HTTPS, but it only supports HTTP.
INFO 2025-07-25 14:21:53,300 basehttp 29011 132349115217600 code 400, message Bad request version ('nÇ\x99Â1¾¥9{å')
ERROR 2025-07-25 14:21:53,301 basehttp 29011 132349115217600 You're accessing the development server over HTTPS, but it only supports HTTP.
INFO 2025-07-25 14:21:55,636 basehttp 29011 132349227431616 "GET / HTTP/1.1" 302 0
INFO 2025-07-25 14:21:55,650 basehttp 29011 132349227431616 "GET /swagger/ HTTP/1.1" 200 2250
INFO 2025-07-25 14:21:55,758 basehttp 29011 132349227431616 "GET /static/drf-yasg/style.css HTTP/1.1" 200 1047
INFO 2025-07-25 14:21:55,778 basehttp 29011 132349106824896 "GET /static/drf-yasg/immutable.min.js HTTP/1.1" 200 56904
INFO 2025-07-25 14:21:55,780 basehttp 29011 132349227431616 "GET /static/drf-yasg/swagger-ui-init.js HTTP/1.1" 200 15480
INFO 2025-07-25 14:21:55,783 basehttp 29011 132349123610304 "GET /static/drf-yasg/swagger-ui-dist/swagger-ui.css HTTP/1.1" 200 145206
INFO 2025-07-25 14:21:55,785 basehttp 29011 132349115217600 "GET /static/drf-yasg/insQ.min.js HTTP/1.1" 200 2093
INFO 2025-07-25 14:21:55,789 basehttp 29011 132349140395712 "GET /static/drf-yasg/swagger-ui-dist/swagger-ui-standalone-preset.js HTTP/1.1" 200 322863
INFO 2025-07-25 14:21:55,801 basehttp 29011 132349148788416 "GET /static/drf-yasg/swagger-ui-dist/swagger-ui-bundle.js HTTP/1.1" 200 1046583
INFO 2025-07-25 14:21:55,823 basehttp 29011 132349098432192 "GET /static/drf-yasg/insQ.min.js HTTP/1.1" 200 2093
INFO 2025-07-25 14:21:55,832 basehttp 29011 132348544808640 "GET /static/drf-yasg/immutable.min.js HTTP/1.1" 200 56904
INFO 2025-07-25 14:21:55,844 basehttp 29011 132348536415936 "GET /static/drf-yasg/swagger-ui-dist/swagger-ui-standalone-preset.js HTTP/1.1" 200 322863
INFO 2025-07-25 14:21:55,846 basehttp 29011 132348528023232 "GET /static/drf-yasg/swagger-ui-dist/swagger-ui-bundle.js HTTP/1.1" 200 1046583
INFO 2025-07-25 14:21:56,977 basehttp 29011 132349227431616 "GET /static/drf-yasg/swagger-ui-dist/favicon-32x32.png HTTP/1.1" 200 628
INFO 2025-07-25 14:21:57,195 basehttp 29011 132349227431616 "GET /swagger/?format=openapi HTTP/1.1" 200 36716
INFO 2025-07-25 14:21:57,968 basehttp 29011 132348528023232 "GET /static/drf-yasg/swagger-ui-init.js HTTP/1.1" 200 15480
INFO 2025-07-25 14:22:33,715 basehttp 29011 132349227431616 "GET /health/ HTTP/1.1" 200 80
INFO 2025-07-25 14:22:47,698 basehttp 29011 132349227431616 "GET /accounts/login/?next=/swagger/ HTTP/1.1" 200 4612
WARNING 2025-07-25 14:22:48,225 log 29011 132349227431616 Not Found: /favicon.ico
WARNING 2025-07-25 14:22:48,225 basehttp 29011 132349227431616 "GET /favicon.ico HTTP/1.1" 404 5420
INFO 2025-07-25 14:23:10,551 basehttp 29011 132349227431616 "POST /accounts/login/?next=/swagger/ HTTP/1.1" 200 4895
INFO 2025-07-25 14:23:25,724 basehttp 29011 132349227431616 "POST /accounts/login/?next=/swagger/ HTTP/1.1" 302 0
INFO 2025-07-25 14:23:30,039 basehttp 29011 132349227431616 "GET /swagger/ HTTP/1.1" 200 2250
INFO 2025-07-25 14:23:33,055 basehttp 29011 132349227431616 "GET /swagger/?format=openapi HTTP/1.1" 200 36716
INFO 2025-07-25 14:23:45,703 basehttp 29011 132349227431616 "GET /accounts/login/?next=/swagger/ HTTP/1.1" 200 4612
INFO 2025-07-25 14:24:01,536 basehttp 29011 132349227431616 "POST /accounts/login/?next=/swagger/ HTTP/1.1" 200 4895
INFO 2025-07-25 14:24:10,897 basehttp 29011 132349227431616 "GET /accounts/login/?next=/swagger/ HTTP/1.1" 200 4612
INFO 2025-07-25 14:24:43,561 basehttp 29011 132349227431616 "GET /api/analytics/reports/ HTTP/1.1" 200 52
INFO 2025-07-25 14:24:59,763 basehttp 29011 132349227431616 "GET /api/categories/ HTTP/1.1" 200 3563
INFO 2025-07-25 14:25:14,802 basehttp 29011 132349227431616 "GET /admin HTTP/1.1" 301 0
ERROR 2025-07-25 14:25:34,279 log 29011 132349148788416 Internal Server Error: /admin/
Traceback (most recent call last):
  File "/home/monyancha/Desktop/savannah-backend-assessment-main./savannah-backend-assessment-main/venv/lib/python3.13/site-packages/django/db/backends/base/base.py", line 279, in ensure_connection
    self.connect()
    ~~~~~~~~~~~~^^
  File "/home/monyancha/Desktop/savannah-backend-assessment-main./savannah-backend-assessment-main/venv/lib/python3.13/site-packages/django/utils/asyncio.py", line 26, in inner
    return func(*args, **kwargs)
  File "/home/monyancha/Desktop/savannah-backend-assessment-main./savannah-backend-assessment-main/venv/lib/python3.13/site-packages/django/db/backends/base/base.py", line 256, in connect
    self.connection = self.get_new_connection(conn_params)
                      ~~~~~~~~~~~~~~~~~~~~~~~^^^^^^^^^^^^^
  File "/home/monyancha/Desktop/savannah-backend-assessment-main./savannah-backend-assessment-main/venv/lib/python3.13/site-packages/django/utils/asyncio.py", line 26, in inner
    return func(*args, **kwargs)
  File "/home/monyancha/Desktop/savannah-backend-assessment-main./savannah-backend-assessment-main/venv/lib/python3.13/site-packages/django/db/backends/postgresql/base.py", line 332, in get_new_connection
    connection = self.Database.connect(**conn_params)
  File "/home/monyancha/Desktop/savannah-backend-assessment-main./savannah-backend-assessment-main/venv/lib/python3.13/site-packages/psycopg2/__init__.py", line 122, in connect
    conn = _connect(dsn, connection_factory=connection_factory, **kwasync)
psycopg2.OperationalError: connection to server at "ep-empty-art-a8rvgyvj-pooler.eastus2.azure.neon.tech" (52.167.188.143), port 5432 failed: timeout expired


The above exception was the direct cause of the following exception:

Traceback (most recent call last):
  File "/home/monyancha/Desktop/savannah-backend-assessment-main./savannah-backend-assessment-main/venv/lib/python3.13/site-packages/django/core/handlers/exception.py", line 55, in inner
    response = get_response(request)
  File "/home/monyancha/Desktop/savannah-backend-assessment-main./savannah-backend-assessment-main/venv/lib/python3.13/site-packages/django/utils/deprecation.py", line 119, in __call__
    response = self.process_request(request)
  File "/home/monyancha/Desktop/savannah-backend-assessment-main./savannah-backend-assessment-main/venv/lib/python3.13/site-packages/mozilla_django_oidc/middleware.py", line 120, in process_request
    if not self.is_refreshable_url(request):
           ~~~~~~~~~~~~~~~~~~~~~~~^^^^^^^^^
  File "/home/monyancha/Desktop/savannah-backend-assessment-main./savannah-backend-assessment-main/venv/lib/python3.13/site-packages/mozilla_django_oidc/middleware.py", line 113, in is_refreshable_url
    and request.user.is_authenticated
        ^^^^^^^^^^^^^^^^^^^^^^^^^^^^^
  File "/home/monyancha/Desktop/savannah-backend-assessment-main./savannah-backend-assessment-main/venv/lib/python3.13/site-packages/django/utils/functional.py", line 251, in inner
    self._setup()
    ~~~~~~~~~~~^^
  File "/home/monyancha/Desktop/savannah-backend-assessment-main./savannah-backend-assessment-main/venv/lib/python3.13/site-packages/django/utils/functional.py", line 404, in _setup
    self._wrapped = self._setupfunc()
                    ~~~~~~~~~~~~~~~^^
  File "/home/monyancha/Desktop/savannah-backend-assessment-main./savannah-backend-assessment-main/venv/lib/python3.13/site-packages/django/contrib/auth/middleware.py", line 39, in <lambda>
    request.user = SimpleLazyObject(lambda: get_user(request))
                                            ~~~~~~~~^^^^^^^^^
  File "/home/monyancha/Desktop/savannah-backend-assessment-main./savannah-backend-assessment-main/venv/lib/python3.13/site-packages/django/contrib/auth/middleware.py", line 19, in get_user
    request._cached_user = auth.get_user(request)
                           ~~~~~~~~~~~~~^^^^^^^^^
  File "/home/monyancha/Desktop/savannah-backend-assessment-main./savannah-backend-assessment-main/venv/lib/python3.13/site-packages/django/contrib/auth/__init__.py", line 311, in get_user
    user = backend.get_user(user_id)
  File "/home/monyancha/Desktop/savannah-backend-assessment-main./savannah-backend-assessment-main/venv/lib/python3.13/site-packages/django/contrib/auth/backends.py", line 232, in get_user
    user = UserModel._default_manager.get(pk=user_id)
  File "/home/monyancha/Desktop/savannah-backend-assessment-main./savannah-backend-assessment-main/venv/lib/python3.13/site-packages/django/db/models/manager.py", line 87, in manager_method
    return getattr(self.get_queryset(), name)(*args, **kwargs)
           ~~~~~~~~~~~~~~~~~~~~~~~~~~~~~~~~~~^^^^^^^^^^^^^^^^^
  File "/home/monyancha/Desktop/savannah-backend-assessment-main./savannah-backend-assessment-main/venv/lib/python3.13/site-packages/django/db/models/query.py", line 629, in get
    num = len(clone)
  File "/home/monyancha/Desktop/savannah-backend-assessment-main./savannah-backend-assessment-main/venv/lib/python3.13/site-packages/django/db/models/query.py", line 366, in __len__
    self._fetch_all()
    ~~~~~~~~~~~~~~~^^
  File "/home/monyancha/Desktop/savannah-backend-assessment-main./savannah-backend-assessment-main/venv/lib/python3.13/site-packages/django/db/models/query.py", line 1945, in _fetch_all
    self._result_cache = list(self._iterable_class(self))
                         ~~~~^^^^^^^^^^^^^^^^^^^^^^^^^^^^
  File "/home/monyancha/Desktop/savannah-backend-assessment-main./savannah-backend-assessment-main/venv/lib/python3.13/site-packages/django/db/models/query.py", line 91, in __iter__
    results = compiler.execute_sql(
        chunked_fetch=self.chunked_fetch, chunk_size=self.chunk_size
    )
  File "/home/monyancha/Desktop/savannah-backend-assessment-main./savannah-backend-assessment-main/venv/lib/python3.13/site-packages/django/db/models/sql/compiler.py", line 1621, in execute_sql
    cursor = self.connection.cursor()
  File "/home/monyancha/Desktop/savannah-backend-assessment-main./savannah-backend-assessment-main/venv/lib/python3.13/site-packages/django/utils/asyncio.py", line 26, in inner
    return func(*args, **kwargs)
  File "/home/monyancha/Desktop/savannah-backend-assessment-main./savannah-backend-assessment-main/venv/lib/python3.13/site-packages/django/db/backends/base/base.py", line 320, in cursor
    return self._cursor()
           ~~~~~~~~~~~~^^
  File "/home/monyancha/Desktop/savannah-backend-assessment-main./savannah-backend-assessment-main/venv/lib/python3.13/site-packages/django/db/backends/base/base.py", line 296, in _cursor
    self.ensure_connection()
    ~~~~~~~~~~~~~~~~~~~~~~^^
  File "/home/monyancha/Desktop/savannah-backend-assessment-main./savannah-backend-assessment-main/venv/lib/python3.13/site-packages/django/utils/asyncio.py", line 26, in inner
    return func(*args, **kwargs)
  File "/home/monyancha/Desktop/savannah-backend-assessment-main./savannah-backend-assessment-main/venv/lib/python3.13/site-packages/django/db/backends/base/base.py", line 278, in ensure_connection
    with self.wrap_database_errors:
         ^^^^^^^^^^^^^^^^^^^^^^^^^
  File "/home/monyancha/Desktop/savannah-backend-assessment-main./savannah-backend-assessment-main/venv/lib/python3.13/site-packages/django/db/utils.py", line 91, in __exit__
    raise dj_exc_value.with_traceback(traceback) from exc_value
  File "/home/monyancha/Desktop/savannah-backend-assessment-main./savannah-backend-assessment-main/venv/lib/python3.13/site-packages/django/db/backends/base/base.py", line 279, in ensure_connection
    self.connect()
    ~~~~~~~~~~~~^^
  File "/home/monyancha/Desktop/savannah-backend-assessment-main./savannah-backend-assessment-main/venv/lib/python3.13/site-packages/django/utils/asyncio.py", line 26, in inner
    return func(*args, **kwargs)
  File "/home/monyancha/Desktop/savannah-backend-assessment-main./savannah-backend-assessment-main/venv/lib/python3.13/site-packages/django/db/backends/base/base.py", line 256, in connect
    self.connection = self.get_new_connection(conn_params)
                      ~~~~~~~~~~~~~~~~~~~~~~~^^^^^^^^^^^^^
  File "/home/monyancha/Desktop/savannah-backend-assessment-main./savannah-backend-assessment-main/venv/lib/python3.13/site-packages/django/utils/asyncio.py", line 26, in inner
    return func(*args, **kwargs)
  File "/home/monyancha/Desktop/savannah-backend-assessment-main./savannah-backend-assessment-main/venv/lib/python3.13/site-packages/django/db/backends/postgresql/base.py", line 332, in get_new_connection
    connection = self.Database.connect(**conn_params)
  File "/home/monyancha/Desktop/savannah-backend-assessment-main./savannah-backend-assessment-main/venv/lib/python3.13/site-packages/psycopg2/__init__.py", line 122, in connect
    conn = _connect(dsn, connection_factory=connection_factory, **kwasync)
django.db.utils.OperationalError: connection to server at "ep-empty-art-a8rvgyvj-pooler.eastus2.azure.neon.tech" (52.167.188.143), port 5432 failed: timeout expired

ERROR 2025-07-25 14:25:34,284 basehttp 29011 132349148788416 "GET /admin/ HTTP/1.1" 500 220317
INFO 2025-07-25 14:25:50,603 basehttp 29011 132349148788416 "GET /admin/ HTTP/1.1" 200 13126
INFO 2025-07-25 14:25:50,637 basehttp 29011 132349148788416 "GET /static/admin/css/base.css HTTP/1.1" 200 22120
INFO 2025-07-25 14:25:50,651 basehttp 29011 132349140395712 "GET /static/admin/css/dark_mode.css HTTP/1.1" 200 2808
INFO 2025-07-25 14:25:50,667 basehttp 29011 132349115217600 "GET /static/admin/css/dashboard.css HTTP/1.1" 200 441
INFO 2025-07-25 14:25:50,668 basehttp 29011 132349227431616 "GET /static/admin/css/responsive.css HTTP/1.1" 200 16565
INFO 2025-07-25 14:25:50,669 basehttp 29011 132349106824896 "GET /static/admin/css/nav_sidebar.css HTTP/1.1" 200 2810
INFO 2025-07-25 14:25:50,670 basehttp 29011 132349123610304 "GET /static/admin/js/theme.js HTTP/1.1" 200 1653
INFO 2025-07-25 14:25:50,693 basehttp 29011 132348528023232 "GET /static/admin/js/theme.js HTTP/1.1" 200 1653
INFO 2025-07-25 14:25:51,144 basehttp 29011 132349227431616 "GET /static/admin/js/nav_sidebar.js HTTP/1.1" 200 3063
INFO 2025-07-25 14:25:51,162 basehttp 29011 132348528023232 "GET /static/admin/js/nav_sidebar.js HTTP/1.1" 200 3063
INFO 2025-07-25 14:25:51,162 basehttp 29011 132349227431616 "GET /static/admin/img/icon-addlink.svg HTTP/1.1" 200 331
INFO 2025-07-25 14:25:51,163 basehttp 29011 132349148788416 "GET /static/admin/img/icon-changelink.svg HTTP/1.1" 200 380
INFO 2025-07-25 14:26:05,866 basehttp 29011 132349227431616 "GET /admin/orders/order/ HTTP/1.1" 200 16046
INFO 2025-07-25 14:26:05,917 basehttp 29011 132349227431616 "GET /static/admin/css/changelists.css HTTP/1.1" 200 6878
INFO 2025-07-25 14:26:05,938 basehttp 29011 132349227431616 "GET /static/admin/js/actions.js HTTP/1.1" 200 8076
INFO 2025-07-25 14:26:05,948 basehttp 29011 132349140395712 "GET /static/admin/js/admin/RelatedObjectLookups.js HTTP/1.1" 200 9777
INFO 2025-07-25 14:26:05,941 basehttp 29011 132349123610304 "GET /static/admin/js/vendor/jquery/jquery.js HTTP/1.1" 200 285314
INFO 2025-07-25 14:26:05,943 basehttp 29011 132349106824896 "GET /static/admin/js/jquery.init.js HTTP/1.1" 200 347
INFO 2025-07-25 14:26:05,942 basehttp 29011 132349115217600 "GET /static/admin/js/core.js HTTP/1.1" 200 6208
INFO 2025-07-25 14:26:05,964 basehttp 29011 132349106824896 "GET /static/admin/js/urlify.js HTTP/1.1" 200 7887
INFO 2025-07-25 14:26:05,969 basehttp 29011 132349115217600 "GET /static/admin/js/prepopulate.js HTTP/1.1" 200 1531
INFO 2025-07-25 14:26:05,975 basehttp 29011 132349123610304 "GET /static/admin/img/search.svg HTTP/1.1" 200 458
INFO 2025-07-25 14:26:05,977 basehttp 29011 132348528023232 "GET /static/admin/js/jquery.init.js HTTP/1.1" 200 347
INFO 2025-07-25 14:26:05,978 basehttp 29011 132348536415936 "GET /static/admin/js/core.js HTTP/1.1" 200 6208
INFO 2025-07-25 14:26:05,982 basehttp 29011 132348544808640 "GET /static/admin/js/admin/RelatedObjectLookups.js HTTP/1.1" 200 9777
INFO 2025-07-25 14:26:05,982 basehttp 29011 132349140395712 "GET /static/admin/js/vendor/xregexp/xregexp.js HTTP/1.1" 200 325171
INFO 2025-07-25 14:26:05,986 basehttp 29011 132349098432192 "GET /static/admin/js/vendor/jquery/jquery.js HTTP/1.1" 200 285314
INFO 2025-07-25 14:26:06,293 basehttp 29011 132349140395712 "GET /static/admin/js/filters.js HTTP/1.1" 200 978
INFO 2025-07-25 14:26:06,370 basehttp 29011 132349098432192 "GET /static/admin/js/actions.js HTTP/1.1" 200 8076
INFO 2025-07-25 14:26:06,376 basehttp 29011 132348519630528 "GET /static/admin/js/filters.js HTTP/1.1" 200 978
INFO 2025-07-25 14:26:06,378 basehttp 29011 132348544808640 "GET /static/admin/js/urlify.js HTTP/1.1" 200 7887
INFO 2025-07-25 14:26:06,379 basehttp 29011 132348536415936 "GET /static/admin/js/prepopulate.js HTTP/1.1" 200 1531
INFO 2025-07-25 14:26:06,380 basehttp 29011 132348528023232 "GET /static/admin/js/vendor/xregexp/xregexp.js HTTP/1.1" 200 325171
INFO 2025-07-25 14:26:07,705 basehttp 29011 132349148788416 "GET /admin/jsi18n/ HTTP/1.1" 200 3342
INFO 2025-07-25 14:26:07,773 basehttp 29011 132349148788416 "GET /static/admin/img/tooltag-add.svg HTTP/1.1" 200 331
INFO 2025-07-25 14:26:07,782 basehttp 29011 132349140395712 "GET /static/admin/img/icon-viewlink.svg HTTP/1.1" 200 581
INFO 2025-07-25 14:26:09,435 basehttp 29011 132348528023232 "GET /admin/jsi18n/ HTTP/1.1" 200 3342
INFO 2025-07-25 14:26:18,574 basehttp 29011 132349140395712 "GET / HTTP/1.1" 302 0
INFO 2025-07-25 14:26:20,840 basehttp 29011 132349140395712 "GET /swagger/ HTTP/1.1" 200 2250
INFO 2025-07-25 14:26:23,960 basehttp 29011 132349140395712 "GET /swagger/?format=openapi HTTP/1.1" 200 36716
INFO 2025-07-25 14:26:52,536 autoreload 29011 132349334728960 /home/monyancha/Desktop/savannah-backend-assessment-main./savannah-backend-assessment-main/config/settings.py changed, reloading.
INFO 2025-07-25 14:26:53,123 autoreload 30340 123810418061568 Watching for file changes with StatReloader
WARNING 2025-07-25 14:31:09,081 log 30340 123810311304896 Bad Request: /api/auth/login/
WARNING 2025-07-25 14:31:09,082 basehttp 30340 123810311304896 "POST /api/auth/login/ HTTP/1.1" 400 44
